C:\Users\pile\Documents\My Dropbox\Champlain College\_2012 01 Spring\EGP 300 - Graphics Programming II\Week 1\EGP300-proj1\Debug\EGP300-proj1.exe
C:\Users\pile\Documents\My Dropbox\Champlain College\_2012 01 Spring\EGP 300 - Graphics Programming II\Week 1\EGP300-proj1\Debug\EGP300-proj1.ilk
C:\Users\pile\Documents\My Dropbox\Champlain College\_2012 01 Spring\EGP 300 - Graphics Programming II\Week 1\EGP300-proj1\Debug\EGP300-proj1.pdb
C:\Users\pile\Documents\My Dropbox\Champlain College\_2012 01 Spring\EGP 300 - Graphics Programming II\Week 1\EGP300-proj1\EGP300-proj1\Debug\cl.command.1.tlog
C:\Users\pile\Documents\My Dropbox\Champlain College\_2012 01 Spring\EGP 300 - Graphics Programming II\Week 1\EGP300-proj1\EGP300-proj1\Debug\CL.read.1.tlog
C:\Users\pile\Documents\My Dropbox\Champlain College\_2012 01 Spring\EGP 300 - Graphics Programming II\Week 1\EGP300-proj1\EGP300-proj1\Debug\CL.write.1.tlog
C:\Users\pile\Documents\My Dropbox\Champlain College\_2012 01 Spring\EGP 300 - Graphics Programming II\Week 1\EGP300-proj1\EGP300-proj1\Debug\EGP300-proj1.exe.embed.manifest
C:\Users\pile\Documents\My Dropbox\Champlain College\_2012 01 Spring\EGP 300 - Graphics Programming II\Week 1\EGP300-proj1\EGP300-proj1\Debug\EGP300-proj1.exe.embed.manifest.res
C:\Users\pile\Documents\My Dropbox\Champlain College\_2012 01 Spring\EGP 300 - Graphics Programming II\Week 1\EGP300-proj1\EGP300-proj1\Debug\EGP300-proj1.exe.intermediate.manifest
C:\Users\pile\Documents\My Dropbox\Champlain College\_2012 01 Spring\EGP 300 - Graphics Programming II\Week 1\EGP300-proj1\EGP300-proj1\Debug\EGP300-proj1_manifest.rc
C:\Users\pile\Documents\My Dropbox\Champlain College\_2012 01 Spring\EGP 300 - Graphics Programming II\Week 1\EGP300-proj1\EGP300-proj1\Debug\link.9608.read.1.tlog
C:\Users\pile\Documents\My Dropbox\Champlain College\_2012 01 Spring\EGP 300 - Graphics Programming II\Week 1\EGP300-proj1\EGP300-proj1\Debug\link.9608.write.1.tlog
C:\Users\pile\Documents\My Dropbox\Champlain College\_2012 01 Spring\EGP 300 - Graphics Programming II\Week 1\EGP300-proj1\EGP300-proj1\Debug\link.9608-cvtres.read.1.tlog
C:\Users\pile\Documents\My Dropbox\Champlain College\_2012 01 Spring\EGP 300 - Graphics Programming II\Week 1\EGP300-proj1\EGP300-proj1\Debug\link.9608-cvtres.write.1.tlog
C:\Users\pile\Documents\My Dropbox\Champlain College\_2012 01 Spring\EGP 300 - Graphics Programming II\Week 1\EGP300-proj1\EGP300-proj1\Debug\link.command.1.tlog
C:\Users\pile\Documents\My Dropbox\Champlain College\_2012 01 Spring\EGP 300 - Graphics Programming II\Week 1\EGP300-proj1\EGP300-proj1\Debug\link.read.1.tlog
C:\Users\pile\Documents\My Dropbox\Champlain College\_2012 01 Spring\EGP 300 - Graphics Programming II\Week 1\EGP300-proj1\EGP300-proj1\Debug\link.write.1.tlog
C:\Users\pile\Documents\My Dropbox\Champlain College\_2012 01 Spring\EGP 300 - Graphics Programming II\Week 1\EGP300-proj1\EGP300-proj1\Debug\link-cvtres.read.1.tlog
C:\Users\pile\Documents\My Dropbox\Champlain College\_2012 01 Spring\EGP 300 - Graphics Programming II\Week 1\EGP300-proj1\EGP300-proj1\Debug\link-cvtres.write.1.tlog
C:\Users\pile\Documents\My Dropbox\Champlain College\_2012 01 Spring\EGP 300 - Graphics Programming II\Week 1\EGP300-proj1\EGP300-proj1\Debug\main.obj
C:\Users\pile\Documents\My Dropbox\Champlain College\_2012 01 Spring\EGP 300 - Graphics Programming II\Week 1\EGP300-proj1\EGP300-proj1\Debug\mt.command.1.tlog
C:\Users\pile\Documents\My Dropbox\Champlain College\_2012 01 Spring\EGP 300 - Graphics Programming II\Week 1\EGP300-proj1\EGP300-proj1\Debug\mt.read.1.tlog
C:\Users\pile\Documents\My Dropbox\Champlain College\_2012 01 Spring\EGP 300 - Graphics Programming II\Week 1\EGP300-proj1\EGP300-proj1\Debug\mt.write.1.tlog
C:\Users\pile\Documents\My Dropbox\Champlain College\_2012 01 Spring\EGP 300 - Graphics Programming II\Week 1\EGP300-proj1\EGP300-proj1\Debug\rc.command.1.tlog
C:\Users\pile\Documents\My Dropbox\Champlain College\_2012 01 Spring\EGP 300 - Graphics Programming II\Week 1\EGP300-proj1\EGP300-proj1\Debug\rc.read.1.tlog
C:\Users\pile\Documents\My Dropbox\Champlain College\_2012 01 Spring\EGP 300 - Graphics Programming II\Week 1\EGP300-proj1\EGP300-proj1\Debug\rc.write.1.tlog
C:\Users\pile\Documents\My Dropbox\Champlain College\_2012 01 Spring\EGP 300 - Graphics Programming II\Week 1\EGP300-proj1\EGP300-proj1\Debug\vc100.idb
C:\Users\pile\Documents\My Dropbox\Champlain College\_2012 01 Spring\EGP 300 - Graphics Programming II\Week 1\EGP300-proj1\EGP300-proj1\Debug\vc100.pdb
C:\USERS\PILE\DOCUMENTS\MY DROPBOX\CHAMPLAIN COLLEGE\_2012 01 SPRING\EGP 300 - GRAPHICS PROGRAMMING II\WEEK 3\EGP300-PROJ1\DEBUG\EGP300-PROJ1.EXE
C:\USERS\PILE\DOCUMENTS\MY DROPBOX\CHAMPLAIN COLLEGE\_2012 01 SPRING\EGP 300 - GRAPHICS PROGRAMMING II\WEEK 3\EGP300-PROJ1\DEBUG\EGP300-PROJ1.ILK
C:\USERS\PILE\DOCUMENTS\MY DROPBOX\CHAMPLAIN COLLEGE\_2012 01 SPRING\EGP 300 - GRAPHICS PROGRAMMING II\WEEK 3\EGP300-PROJ1\DEBUG\EGP300-PROJ1.PDB
C:\USERS\PILE\DOCUMENTS\MY DROPBOX\CHAMPLAIN COLLEGE\_2012 01 SPRING\EGP 300 - GRAPHICS PROGRAMMING II\WEEK 3\EGP300-PROJ1\EGP300-PROJ1\DEBUG\EGP300-PROJ1.EXE.EMBED.MANIFEST
C:\USERS\PILE\DOCUMENTS\MY DROPBOX\CHAMPLAIN COLLEGE\_2012 01 SPRING\EGP 300 - GRAPHICS PROGRAMMING II\WEEK 3\EGP300-PROJ1\EGP300-PROJ1\DEBUG\EGP300-PROJ1.EXE.EMBED.MANIFEST.RES
C:\USERS\PILE\DOCUMENTS\MY DROPBOX\CHAMPLAIN COLLEGE\_2012 01 SPRING\EGP 300 - GRAPHICS PROGRAMMING II\WEEK 3\EGP300-PROJ1\EGP300-PROJ1\DEBUG\EGP300-PROJ1.EXE.INTERMEDIATE.MANIFEST
C:\USERS\PILE\DOCUMENTS\MY DROPBOX\CHAMPLAIN COLLEGE\_2012 01 SPRING\EGP 300 - GRAPHICS PROGRAMMING II\WEEK 3\EGP300-PROJ1\EGP300-PROJ1\DEBUG\MAIN.OBJ
C:\USERS\PILE\DOCUMENTS\MY DROPBOX\CHAMPLAIN COLLEGE\_2012 01 SPRING\EGP 300 - GRAPHICS PROGRAMMING II\WEEK 3\EGP300-PROJ1\EGP300-PROJ1\DEBUG\VC100.PDB
