C:\USERS\PILE\DOCUMENTS\MY DROPBOX\CHAMPLAIN COLLEGE\_2012 01 SPRING\EGP 300 - GRAPHICS PROGRAMMING II\WEEK 1\EGP300-PROJ1\DEBUG\EGP300-PROJ1.EXE
C:\USERS\PILE\DOCUMENTS\MY DROPBOX\CHAMPLAIN COLLEGE\_2012 01 SPRING\EGP 300 - GRAPHICS PROGRAMMING II\WEEK 1\EGP300-PROJ1\DEBUG\EGP300-PROJ1.ILK
C:\USERS\PILE\DOCUMENTS\MY DROPBOX\CHAMPLAIN COLLEGE\_2012 01 SPRING\EGP 300 - GRAPHICS PROGRAMMING II\WEEK 1\EGP300-PROJ1\DEBUG\EGP300-PROJ1.PDB
C:\USERS\PILE\DOCUMENTS\MY DROPBOX\CHAMPLAIN COLLEGE\_2012 01 SPRING\EGP 300 - GRAPHICS PROGRAMMING II\WEEK 1\EGP300-PROJ1\EGP300-PROJ1\DEBUG\EGP300-PROJ1.EXE.EMBED.MANIFEST
C:\USERS\PILE\DOCUMENTS\MY DROPBOX\CHAMPLAIN COLLEGE\_2012 01 SPRING\EGP 300 - GRAPHICS PROGRAMMING II\WEEK 1\EGP300-PROJ1\EGP300-PROJ1\DEBUG\EGP300-PROJ1.EXE.EMBED.MANIFEST.RES
C:\USERS\PILE\DOCUMENTS\MY DROPBOX\CHAMPLAIN COLLEGE\_2012 01 SPRING\EGP 300 - GRAPHICS PROGRAMMING II\WEEK 1\EGP300-PROJ1\EGP300-PROJ1\DEBUG\EGP300-PROJ1.EXE.INTERMEDIATE.MANIFEST
C:\USERS\PILE\DOCUMENTS\MY DROPBOX\CHAMPLAIN COLLEGE\_2012 01 SPRING\EGP 300 - GRAPHICS PROGRAMMING II\WEEK 1\EGP300-PROJ1\EGP300-PROJ1\DEBUG\MAIN.OBJ
C:\USERS\PILE\DOCUMENTS\MY DROPBOX\CHAMPLAIN COLLEGE\_2012 01 SPRING\EGP 300 - GRAPHICS PROGRAMMING II\WEEK 1\EGP300-PROJ1\EGP300-PROJ1\DEBUG\VC100.PDB
C:\USERS\PILE\DOCUMENTS\MY DROPBOX\CHAMPLAIN COLLEGE\_2012 01 SPRING\EGP 300 - GRAPHICS PROGRAMMING II\WEEK 2\EGP300-PROJ1\DEBUG\EGP300-PROJ1.EXE
C:\USERS\PILE\DOCUMENTS\MY DROPBOX\CHAMPLAIN COLLEGE\_2012 01 SPRING\EGP 300 - GRAPHICS PROGRAMMING II\WEEK 2\EGP300-PROJ1\DEBUG\EGP300-PROJ1.ILK
C:\USERS\PILE\DOCUMENTS\MY DROPBOX\CHAMPLAIN COLLEGE\_2012 01 SPRING\EGP 300 - GRAPHICS PROGRAMMING II\WEEK 2\EGP300-PROJ1\DEBUG\EGP300-PROJ1.PDB
C:\USERS\PILE\DOCUMENTS\MY DROPBOX\CHAMPLAIN COLLEGE\_2012 01 SPRING\EGP 300 - GRAPHICS PROGRAMMING II\WEEK 2\EGP300-PROJ1\EGP300-PROJ1\DEBUG\EGP300-PROJ1.EXE.EMBED.MANIFEST.RES
C:\USERS\PILE\DOCUMENTS\MY DROPBOX\CHAMPLAIN COLLEGE\_2012 01 SPRING\EGP 300 - GRAPHICS PROGRAMMING II\WEEK 2\EGP300-PROJ1\EGP300-PROJ1\DEBUG\EGP300-PROJ1.EXE.INTERMEDIATE.MANIFEST
C:\USERS\PILE\DOCUMENTS\MY DROPBOX\CHAMPLAIN COLLEGE\_2012 01 SPRING\EGP 300 - GRAPHICS PROGRAMMING II\WEEK 2\EGP300-PROJ1\EGP300-PROJ1\DEBUG\MAIN.OBJ
C:\USERS\PILE\DOCUMENTS\MY DROPBOX\CHAMPLAIN COLLEGE\_2012 01 SPRING\EGP 300 - GRAPHICS PROGRAMMING II\WEEK 2\EGP300-PROJ1\EGP300-PROJ1\DEBUG\VC100.PDB
C:\USERS\PILE\DOCUMENTS\MY DROPBOX\CHAMPLAIN COLLEGE\_2012 01 SPRING\EGP 300 - GRAPHICS PROGRAMMING II\WEEK 2\EGP300-PROJ2 - COPY\DEBUG\EGP300-PROJ2.EXE
C:\USERS\PILE\DOCUMENTS\MY DROPBOX\CHAMPLAIN COLLEGE\_2012 01 SPRING\EGP 300 - GRAPHICS PROGRAMMING II\WEEK 2\EGP300-PROJ2 - COPY\DEBUG\EGP300-PROJ2.ILK
C:\USERS\PILE\DOCUMENTS\MY DROPBOX\CHAMPLAIN COLLEGE\_2012 01 SPRING\EGP 300 - GRAPHICS PROGRAMMING II\WEEK 2\EGP300-PROJ2 - COPY\DEBUG\EGP300-PROJ2.PDB
C:\USERS\PILE\DOCUMENTS\MY DROPBOX\CHAMPLAIN COLLEGE\_2012 01 SPRING\EGP 300 - GRAPHICS PROGRAMMING II\WEEK 2\EGP300-PROJ2 - COPY\EGP300-PROJ1\DEBUG\EGP300-PROJ2.EXE.EMBED.MANIFEST
C:\USERS\PILE\DOCUMENTS\MY DROPBOX\CHAMPLAIN COLLEGE\_2012 01 SPRING\EGP 300 - GRAPHICS PROGRAMMING II\WEEK 2\EGP300-PROJ2 - COPY\EGP300-PROJ1\DEBUG\EGP300-PROJ2.EXE.EMBED.MANIFEST.RES
C:\USERS\PILE\DOCUMENTS\MY DROPBOX\CHAMPLAIN COLLEGE\_2012 01 SPRING\EGP 300 - GRAPHICS PROGRAMMING II\WEEK 2\EGP300-PROJ2 - COPY\EGP300-PROJ1\DEBUG\EGP300-PROJ2.EXE.INTERMEDIATE.MANIFEST
C:\USERS\PILE\DOCUMENTS\MY DROPBOX\CHAMPLAIN COLLEGE\_2012 01 SPRING\EGP 300 - GRAPHICS PROGRAMMING II\WEEK 2\EGP300-PROJ2 - COPY\EGP300-PROJ1\DEBUG\MAIN.OBJ
C:\USERS\PILE\DOCUMENTS\MY DROPBOX\CHAMPLAIN COLLEGE\_2012 01 SPRING\EGP 300 - GRAPHICS PROGRAMMING II\WEEK 2\EGP300-PROJ2 - COPY\EGP300-PROJ1\DEBUG\VC100.PDB
C:\Users\pile\Documents\My Dropbox\Champlain College\_2013 01 Spring\EGP 300 - Graphics Programming II\Week 2 - Graphics Pipeline, OpenGL\EGP300-proj2 - Copy\Debug\EGP300-proj2.pdb
C:\Users\pile\Documents\My Dropbox\Champlain College\_2013 01 Spring\EGP 300 - Graphics Programming II\Week 2 - Graphics Pipeline, OpenGL\EGP300-proj2 - Copy\EGP300-proj1\Debug\cl.command.1.tlog
C:\Users\pile\Documents\My Dropbox\Champlain College\_2013 01 Spring\EGP 300 - Graphics Programming II\Week 2 - Graphics Pipeline, OpenGL\EGP300-proj2 - Copy\EGP300-proj1\Debug\CL.read.1.tlog
C:\Users\pile\Documents\My Dropbox\Champlain College\_2013 01 Spring\EGP 300 - Graphics Programming II\Week 2 - Graphics Pipeline, OpenGL\EGP300-proj2 - Copy\EGP300-proj1\Debug\CL.write.1.tlog
C:\Users\pile\Documents\My Dropbox\Champlain College\_2013 01 Spring\EGP 300 - Graphics Programming II\Week 2 - Graphics Pipeline, OpenGL\EGP300-proj2 - Copy\EGP300-proj1\Debug\EGP300-proj1.exe.embed.manifest
C:\Users\pile\Documents\My Dropbox\Champlain College\_2013 01 Spring\EGP 300 - Graphics Programming II\Week 2 - Graphics Pipeline, OpenGL\EGP300-proj2 - Copy\EGP300-proj1\Debug\EGP300-proj1.exe.embed.manifest.res
C:\Users\pile\Documents\My Dropbox\Champlain College\_2013 01 Spring\EGP 300 - Graphics Programming II\Week 2 - Graphics Pipeline, OpenGL\EGP300-proj2 - Copy\EGP300-proj1\Debug\EGP300-proj1.exe.intermediate.manifest
C:\Users\pile\Documents\My Dropbox\Champlain College\_2013 01 Spring\EGP 300 - Graphics Programming II\Week 2 - Graphics Pipeline, OpenGL\EGP300-proj2 - Copy\EGP300-proj1\Debug\EGP300-proj1_manifest.rc
C:\USERS\PILE\DOCUMENTS\MY DROPBOX\CHAMPLAIN COLLEGE\_2013 01 SPRING\EGP 300 - GRAPHICS PROGRAMMING II\WEEK 2 - GRAPHICS PIPELINE, OPENGL\EGP300-PROJ2 - COPY\EGP300-PROJ1\DEBUG\EGP300-PROJ2.EXE.EMBED.MANIFEST
C:\USERS\PILE\DOCUMENTS\MY DROPBOX\CHAMPLAIN COLLEGE\_2013 01 SPRING\EGP 300 - GRAPHICS PROGRAMMING II\WEEK 2 - GRAPHICS PIPELINE, OPENGL\EGP300-PROJ2 - COPY\EGP300-PROJ1\DEBUG\EGP300-PROJ2.EXE.EMBED.MANIFEST.RES
C:\Users\pile\Documents\My Dropbox\Champlain College\_2013 01 Spring\EGP 300 - Graphics Programming II\Week 2 - Graphics Pipeline, OpenGL\EGP300-proj2 - Copy\EGP300-proj1\Debug\EGP300-proj2.exe.intermediate.manifest
C:\Users\pile\Documents\My Dropbox\Champlain College\_2013 01 Spring\EGP 300 - Graphics Programming II\Week 2 - Graphics Pipeline, OpenGL\EGP300-proj2 - Copy\EGP300-proj1\Debug\EGP300-proj2_manifest.rc
C:\Users\pile\Documents\My Dropbox\Champlain College\_2013 01 Spring\EGP 300 - Graphics Programming II\Week 2 - Graphics Pipeline, OpenGL\EGP300-proj2 - Copy\EGP300-proj1\Debug\link.2872.read.1.tlog
C:\Users\pile\Documents\My Dropbox\Champlain College\_2013 01 Spring\EGP 300 - Graphics Programming II\Week 2 - Graphics Pipeline, OpenGL\EGP300-proj2 - Copy\EGP300-proj1\Debug\link.2872.write.1.tlog
C:\Users\pile\Documents\My Dropbox\Champlain College\_2013 01 Spring\EGP 300 - Graphics Programming II\Week 2 - Graphics Pipeline, OpenGL\EGP300-proj2 - Copy\EGP300-proj1\Debug\link.2872-cvtres.read.1.tlog
C:\Users\pile\Documents\My Dropbox\Champlain College\_2013 01 Spring\EGP 300 - Graphics Programming II\Week 2 - Graphics Pipeline, OpenGL\EGP300-proj2 - Copy\EGP300-proj1\Debug\link.2872-cvtres.write.1.tlog
C:\Users\pile\Documents\My Dropbox\Champlain College\_2013 01 Spring\EGP 300 - Graphics Programming II\Week 2 - Graphics Pipeline, OpenGL\EGP300-proj2 - Copy\EGP300-proj1\Debug\link.3524.read.1.tlog
C:\Users\pile\Documents\My Dropbox\Champlain College\_2013 01 Spring\EGP 300 - Graphics Programming II\Week 2 - Graphics Pipeline, OpenGL\EGP300-proj2 - Copy\EGP300-proj1\Debug\link.3524.write.1.tlog
C:\Users\pile\Documents\My Dropbox\Champlain College\_2013 01 Spring\EGP 300 - Graphics Programming II\Week 2 - Graphics Pipeline, OpenGL\EGP300-proj2 - Copy\EGP300-proj1\Debug\link.3524-cvtres.read.1.tlog
C:\Users\pile\Documents\My Dropbox\Champlain College\_2013 01 Spring\EGP 300 - Graphics Programming II\Week 2 - Graphics Pipeline, OpenGL\EGP300-proj2 - Copy\EGP300-proj1\Debug\link.3524-cvtres.write.1.tlog
C:\Users\pile\Documents\My Dropbox\Champlain College\_2013 01 Spring\EGP 300 - Graphics Programming II\Week 2 - Graphics Pipeline, OpenGL\EGP300-proj2 - Copy\EGP300-proj1\Debug\link.5972.read.1.tlog
C:\Users\pile\Documents\My Dropbox\Champlain College\_2013 01 Spring\EGP 300 - Graphics Programming II\Week 2 - Graphics Pipeline, OpenGL\EGP300-proj2 - Copy\EGP300-proj1\Debug\link.5972.write.1.tlog
C:\Users\pile\Documents\My Dropbox\Champlain College\_2013 01 Spring\EGP 300 - Graphics Programming II\Week 2 - Graphics Pipeline, OpenGL\EGP300-proj2 - Copy\EGP300-proj1\Debug\link.5972-cvtres.read.1.tlog
C:\Users\pile\Documents\My Dropbox\Champlain College\_2013 01 Spring\EGP 300 - Graphics Programming II\Week 2 - Graphics Pipeline, OpenGL\EGP300-proj2 - Copy\EGP300-proj1\Debug\link.5972-cvtres.write.1.tlog
C:\Users\pile\Documents\My Dropbox\Champlain College\_2013 01 Spring\EGP 300 - Graphics Programming II\Week 2 - Graphics Pipeline, OpenGL\EGP300-proj2 - Copy\EGP300-proj1\Debug\link.6012.read.1.tlog
C:\Users\pile\Documents\My Dropbox\Champlain College\_2013 01 Spring\EGP 300 - Graphics Programming II\Week 2 - Graphics Pipeline, OpenGL\EGP300-proj2 - Copy\EGP300-proj1\Debug\link.6012.write.1.tlog
C:\Users\pile\Documents\My Dropbox\Champlain College\_2013 01 Spring\EGP 300 - Graphics Programming II\Week 2 - Graphics Pipeline, OpenGL\EGP300-proj2 - Copy\EGP300-proj1\Debug\link.6012-cvtres.read.1.tlog
C:\Users\pile\Documents\My Dropbox\Champlain College\_2013 01 Spring\EGP 300 - Graphics Programming II\Week 2 - Graphics Pipeline, OpenGL\EGP300-proj2 - Copy\EGP300-proj1\Debug\link.6012-cvtres.write.1.tlog
C:\Users\pile\Documents\My Dropbox\Champlain College\_2013 01 Spring\EGP 300 - Graphics Programming II\Week 2 - Graphics Pipeline, OpenGL\EGP300-proj2 - Copy\EGP300-proj1\Debug\link.6492.read.1.tlog
C:\Users\pile\Documents\My Dropbox\Champlain College\_2013 01 Spring\EGP 300 - Graphics Programming II\Week 2 - Graphics Pipeline, OpenGL\EGP300-proj2 - Copy\EGP300-proj1\Debug\link.6492.write.1.tlog
C:\Users\pile\Documents\My Dropbox\Champlain College\_2013 01 Spring\EGP 300 - Graphics Programming II\Week 2 - Graphics Pipeline, OpenGL\EGP300-proj2 - Copy\EGP300-proj1\Debug\link.6492-cvtres.read.1.tlog
C:\Users\pile\Documents\My Dropbox\Champlain College\_2013 01 Spring\EGP 300 - Graphics Programming II\Week 2 - Graphics Pipeline, OpenGL\EGP300-proj2 - Copy\EGP300-proj1\Debug\link.6492-cvtres.write.1.tlog
C:\Users\pile\Documents\My Dropbox\Champlain College\_2013 01 Spring\EGP 300 - Graphics Programming II\Week 2 - Graphics Pipeline, OpenGL\EGP300-proj2 - Copy\EGP300-proj1\Debug\link.7156.read.1.tlog
C:\Users\pile\Documents\My Dropbox\Champlain College\_2013 01 Spring\EGP 300 - Graphics Programming II\Week 2 - Graphics Pipeline, OpenGL\EGP300-proj2 - Copy\EGP300-proj1\Debug\link.7156.write.1.tlog
C:\Users\pile\Documents\My Dropbox\Champlain College\_2013 01 Spring\EGP 300 - Graphics Programming II\Week 2 - Graphics Pipeline, OpenGL\EGP300-proj2 - Copy\EGP300-proj1\Debug\link.7156-cvtres.read.1.tlog
C:\Users\pile\Documents\My Dropbox\Champlain College\_2013 01 Spring\EGP 300 - Graphics Programming II\Week 2 - Graphics Pipeline, OpenGL\EGP300-proj2 - Copy\EGP300-proj1\Debug\link.7156-cvtres.write.1.tlog
C:\Users\pile\Documents\My Dropbox\Champlain College\_2013 01 Spring\EGP 300 - Graphics Programming II\Week 2 - Graphics Pipeline, OpenGL\EGP300-proj2 - Copy\EGP300-proj1\Debug\link.8808.read.1.tlog
C:\Users\pile\Documents\My Dropbox\Champlain College\_2013 01 Spring\EGP 300 - Graphics Programming II\Week 2 - Graphics Pipeline, OpenGL\EGP300-proj2 - Copy\EGP300-proj1\Debug\link.8808.write.1.tlog
C:\Users\pile\Documents\My Dropbox\Champlain College\_2013 01 Spring\EGP 300 - Graphics Programming II\Week 2 - Graphics Pipeline, OpenGL\EGP300-proj2 - Copy\EGP300-proj1\Debug\link.8808-cvtres.read.1.tlog
C:\Users\pile\Documents\My Dropbox\Champlain College\_2013 01 Spring\EGP 300 - Graphics Programming II\Week 2 - Graphics Pipeline, OpenGL\EGP300-proj2 - Copy\EGP300-proj1\Debug\link.8808-cvtres.write.1.tlog
C:\Users\pile\Documents\My Dropbox\Champlain College\_2013 01 Spring\EGP 300 - Graphics Programming II\Week 2 - Graphics Pipeline, OpenGL\EGP300-proj2 - Copy\EGP300-proj1\Debug\link.9080.read.1.tlog
C:\Users\pile\Documents\My Dropbox\Champlain College\_2013 01 Spring\EGP 300 - Graphics Programming II\Week 2 - Graphics Pipeline, OpenGL\EGP300-proj2 - Copy\EGP300-proj1\Debug\link.9080.write.1.tlog
C:\Users\pile\Documents\My Dropbox\Champlain College\_2013 01 Spring\EGP 300 - Graphics Programming II\Week 2 - Graphics Pipeline, OpenGL\EGP300-proj2 - Copy\EGP300-proj1\Debug\link.9080-cvtres.read.1.tlog
C:\Users\pile\Documents\My Dropbox\Champlain College\_2013 01 Spring\EGP 300 - Graphics Programming II\Week 2 - Graphics Pipeline, OpenGL\EGP300-proj2 - Copy\EGP300-proj1\Debug\link.9080-cvtres.write.1.tlog
C:\Users\pile\Documents\My Dropbox\Champlain College\_2013 01 Spring\EGP 300 - Graphics Programming II\Week 2 - Graphics Pipeline, OpenGL\EGP300-proj2 - Copy\EGP300-proj1\Debug\link.command.1.tlog
C:\Users\pile\Documents\My Dropbox\Champlain College\_2013 01 Spring\EGP 300 - Graphics Programming II\Week 2 - Graphics Pipeline, OpenGL\EGP300-proj2 - Copy\EGP300-proj1\Debug\link.read.1.tlog
C:\Users\pile\Documents\My Dropbox\Champlain College\_2013 01 Spring\EGP 300 - Graphics Programming II\Week 2 - Graphics Pipeline, OpenGL\EGP300-proj2 - Copy\EGP300-proj1\Debug\link.write.1.tlog
C:\Users\pile\Documents\My Dropbox\Champlain College\_2013 01 Spring\EGP 300 - Graphics Programming II\Week 2 - Graphics Pipeline, OpenGL\EGP300-proj2 - Copy\EGP300-proj1\Debug\link-cvtres.read.1.tlog
C:\Users\pile\Documents\My Dropbox\Champlain College\_2013 01 Spring\EGP 300 - Graphics Programming II\Week 2 - Graphics Pipeline, OpenGL\EGP300-proj2 - Copy\EGP300-proj1\Debug\link-cvtres.write.1.tlog
C:\USERS\PILE\DOCUMENTS\MY DROPBOX\CHAMPLAIN COLLEGE\_2013 01 SPRING\EGP 300 - GRAPHICS PROGRAMMING II\WEEK 2 - GRAPHICS PIPELINE, OPENGL\EGP300-PROJ2 - COPY\EGP300-PROJ1\DEBUG\MAIN.OBJ
C:\Users\pile\Documents\My Dropbox\Champlain College\_2013 01 Spring\EGP 300 - Graphics Programming II\Week 2 - Graphics Pipeline, OpenGL\EGP300-proj2 - Copy\EGP300-proj1\Debug\mt.command.1.tlog
C:\Users\pile\Documents\My Dropbox\Champlain College\_2013 01 Spring\EGP 300 - Graphics Programming II\Week 2 - Graphics Pipeline, OpenGL\EGP300-proj2 - Copy\EGP300-proj1\Debug\mt.read.1.tlog
C:\Users\pile\Documents\My Dropbox\Champlain College\_2013 01 Spring\EGP 300 - Graphics Programming II\Week 2 - Graphics Pipeline, OpenGL\EGP300-proj2 - Copy\EGP300-proj1\Debug\mt.write.1.tlog
C:\Users\pile\Documents\My Dropbox\Champlain College\_2013 01 Spring\EGP 300 - Graphics Programming II\Week 2 - Graphics Pipeline, OpenGL\EGP300-proj2 - Copy\EGP300-proj1\Debug\rc.command.1.tlog
C:\Users\pile\Documents\My Dropbox\Champlain College\_2013 01 Spring\EGP 300 - Graphics Programming II\Week 2 - Graphics Pipeline, OpenGL\EGP300-proj2 - Copy\EGP300-proj1\Debug\rc.read.1.tlog
C:\Users\pile\Documents\My Dropbox\Champlain College\_2013 01 Spring\EGP 300 - Graphics Programming II\Week 2 - Graphics Pipeline, OpenGL\EGP300-proj2 - Copy\EGP300-proj1\Debug\rc.write.1.tlog
C:\Users\pile\Documents\My Dropbox\Champlain College\_2013 01 Spring\EGP 300 - Graphics Programming II\Week 2 - Graphics Pipeline, OpenGL\EGP300-proj2 - Copy\EGP300-proj1\Debug\vc100.idb
C:\USERS\PILE\DOCUMENTS\MY DROPBOX\CHAMPLAIN COLLEGE\_2013 01 SPRING\EGP 300 - GRAPHICS PROGRAMMING II\WEEK 2 - GRAPHICS PIPELINE, OPENGL\EGP300-PROJ2 - COPY\EGP300-PROJ1\DEBUG\VC100.PDB
