Build started 2/13/2015 2:52:16 PM.
     1>Project "C:\Users\Eric\Desktop\Game Physics\Physics Viewer\EGP300-proj1\EGP300-proj1.vcxproj" on node 2 (Build target(s)).
     1>C:\Program Files (x86)\MSBuild\Microsoft.Cpp\v4.0\V120\Microsoft.CppBuild.targets(381,5): warning MSB8028: The intermediate directory (Debug\) contains files shared from another project (COLLADA_loader_Pacelli.vcxproj, Physics Viewer.vcxproj).  This can lead to incorrect clean and rebuild behavior.
     1>ClCompile:
         C:\Program Files (x86)\Microsoft Visual Studio 12.0\VC\bin\CL.exe /c /I../ /ZI /nologo /W3 /WX- /Od /Oy- /D WIN32 /D _DEBUG /D _CONSOLE /D _UNICODE /D UNICODE /Gm /EHsc /RTC1 /MDd /GS /fp:precise /Zc:wchar_t /Zc:forScope /Fo"Debug\\" /Fd"Debug\vc120.pdb" /Gd /TP /analyze- /errorReport:prompt Color.cpp tinyxml2.cpp
         Skipping... (no relevant changes detected)
         tinyxml2.cpp
         Color.cpp
       Link:
         C:\Program Files (x86)\Microsoft Visual Studio 12.0\VC\bin\link.exe /ERRORREPORT:PROMPT /OUT:"C:\Users\Eric\Desktop\Game Physics\Physics Viewer\Debug\PhysicsViewer.exe" /INCREMENTAL /NOLOGO kernel32.lib user32.lib gdi32.lib winspool.lib comdlg32.lib advapi32.lib shell32.lib ole32.lib oleaut32.lib uuid.lib odbc32.lib odbccp32.lib ../Debug/PhysicsEngine.lib /MANIFEST /MANIFESTUAC:"level='asInvoker' uiAccess='false'" /manifest:embed /DEBUG /PDB:"C:\Users\Eric\Desktop\Game Physics\Physics Viewer\Debug\PhysicsViewer.pdb" /SUBSYSTEM:CONSOLE /TLBID:1 /DYNAMICBASE /NXCOMPAT /IMPLIB:"C:\Users\Eric\Desktop\Game Physics\Physics Viewer\Debug\PhysicsViewer.lib" /MACHINE:X86 Debug\Camera.obj
         Debug\Color.obj
         Debug\GameObject.obj
         Debug\Debug.obj
         Debug\main.obj
         Debug\Model.obj
         Debug\ModelFactory.obj
         Debug\Moveable.obj
         Debug\SolarSystem.obj
         Debug\tinyxml2.obj
         libs\freeglut.lib
         libs\freeglut_static.lib
         libs\gltools.lib
         libs\glui32.lib
         LINK : C:\Users\Eric\Desktop\Game Physics\Physics Viewer\Debug\PhysicsViewer.exe not found or not built by the last incremental link; performing full link
     1>LINK : warning LNK4098: defaultlib 'LIBCMT' conflicts with use of other libs; use /NODEFAULTLIB:library
     1>gltools.lib(GLBatch.obj) : warning LNK4099: PDB 'vc90.pdb' was not found with 'gltools.lib(GLBatch.obj)' or at 'C:\Users\Eric\Desktop\Game Physics\Physics Viewer\Debug\vc90.pdb'; linking object as if no debug info
     1>gltools.lib(glew.obj) : warning LNK4099: PDB 'vc90.pdb' was not found with 'gltools.lib(glew.obj)' or at 'C:\Users\Eric\Desktop\Game Physics\Physics Viewer\Debug\vc90.pdb'; linking object as if no debug info
     1>gltools.lib(GLShaderManager.obj) : warning LNK4099: PDB 'vc90.pdb' was not found with 'gltools.lib(GLShaderManager.obj)' or at 'C:\Users\Eric\Desktop\Game Physics\Physics Viewer\Debug\vc90.pdb'; linking object as if no debug info
     1>gltools.lib(GLTools.obj) : warning LNK4099: PDB 'vc90.pdb' was not found with 'gltools.lib(GLTools.obj)' or at 'C:\Users\Eric\Desktop\Game Physics\Physics Viewer\Debug\vc90.pdb'; linking object as if no debug info
     1>gltools.lib(GLTriangleBatch.obj) : warning LNK4099: PDB 'vc90.pdb' was not found with 'gltools.lib(GLTriangleBatch.obj)' or at 'C:\Users\Eric\Desktop\Game Physics\Physics Viewer\Debug\vc90.pdb'; linking object as if no debug info
     1>gltools.lib(math3d.obj) : warning LNK4099: PDB 'vc90.pdb' was not found with 'gltools.lib(math3d.obj)' or at 'C:\Users\Eric\Desktop\Game Physics\Physics Viewer\Debug\vc90.pdb'; linking object as if no debug info
         EGP300-proj1.vcxproj -> C:\Users\Eric\Desktop\Game Physics\Physics Viewer\Debug\PhysicsViewer.exe
     1>Done Building Project "C:\Users\Eric\Desktop\Game Physics\Physics Viewer\EGP300-proj1\EGP300-proj1.vcxproj" (Build target(s)).

Build succeeded.

Time Elapsed 00:00:00.56
