Build started 2/16/2015 4:41:19 PM.
     1>Project "C:\Users\Eric\Desktop\Game Physics\Physics Viewer\EGP300-proj1\EGP300-proj1.vcxproj" on node 2 (Build target(s)).
     1>Link:
         C:\Program Files (x86)\Microsoft Visual Studio 12.0\VC\bin\link.exe /ERRORREPORT:PROMPT /OUT:"C:\Users\Eric\Desktop\Game Physics\Physics Viewer\Release\PhysicsViewer.exe" /INCREMENTAL:NO /NOLOGO kernel32.lib user32.lib gdi32.lib winspool.lib comdlg32.lib advapi32.lib shell32.lib ole32.lib oleaut32.lib uuid.lib odbc32.lib odbccp32.lib ../Debug/PhysicsEngine.lib kernel32.lib user32.lib gdi32.lib winspool.lib comdlg32.lib advapi32.lib shell32.lib ole32.lib oleaut32.lib uuid.lib odbc32.lib odbccp32.lib kernel32.lib user32.lib gdi32.lib winspool.lib comdlg32.lib advapi32.lib shell32.lib ole32.lib oleaut32.lib uuid.lib odbc32.lib odbccp32.lib /MANIFEST /MANIFESTUAC:"level='asInvoker' uiAccess='false'" /manifest:embed /DEBUG /PDB:"C:\Users\Eric\Desktop\Game Physics\Physics Viewer\Release\PhysicsViewer.pdb" /SUBSYSTEM:CONSOLE /OPT:REF /OPT:ICF /LTCG /TLBID:1 /DYNAMICBASE /NXCOMPAT /IMPLIB:"C:\Users\Eric\Desktop\Game Physics\Physics Viewer\Release\PhysicsViewer.lib" /MACHINE:X86 /SAFESEH Release\Camera.obj
         Release\Color.obj
         Release\GameObject.obj
         Release\Debug.obj
         Release\main.obj
         Release\Model.obj
         Release\ModelFactory.obj
         Release\Moveable.obj
         Release\PlanetGUI.obj
         Release\SolarSystem.obj
         Release\tinyxml2.obj
         libs\freeglut.lib
         libs\freeglut_static.lib
         libs\gltools.lib
         libs\glui32.lib
     1>PhysicsEngine.lib(Particle.obj) : error LNK2038: mismatch detected for '_ITERATOR_DEBUG_LEVEL': value '2' doesn't match value '0' in Camera.obj
     1>PhysicsEngine.lib(Particle.obj) : error LNK2038: mismatch detected for 'RuntimeLibrary': value 'MDd_DynamicDebug' doesn't match value 'MD_DynamicRelease' in Camera.obj
     1>PhysicsEngine.lib(Particle.obj) : warning LNK4075: ignoring '/EDITANDCONTINUE' due to '/OPT:ICF' specification
     1>PhysicsEngine.lib(Vector3.obj) : error LNK2038: mismatch detected for '_ITERATOR_DEBUG_LEVEL': value '2' doesn't match value '0' in Camera.obj
     1>PhysicsEngine.lib(Vector3.obj) : error LNK2038: mismatch detected for 'RuntimeLibrary': value 'MDd_DynamicDebug' doesn't match value 'MD_DynamicRelease' in Camera.obj
     1>PhysicsEngine.lib(ParticleGravity.obj) : error LNK2038: mismatch detected for '_ITERATOR_DEBUG_LEVEL': value '2' doesn't match value '0' in Camera.obj
     1>PhysicsEngine.lib(ParticleGravity.obj) : error LNK2038: mismatch detected for 'RuntimeLibrary': value 'MDd_DynamicDebug' doesn't match value 'MD_DynamicRelease' in Camera.obj
     1>PhysicsEngine.lib(ParticleForceRegistry.obj) : error LNK2038: mismatch detected for '_ITERATOR_DEBUG_LEVEL': value '2' doesn't match value '0' in Camera.obj
     1>PhysicsEngine.lib(ParticleForceRegistry.obj) : error LNK2038: mismatch detected for 'RuntimeLibrary': value 'MDd_DynamicDebug' doesn't match value 'MD_DynamicRelease' in Camera.obj
     1>PhysicsEngine.lib(ParticleFactory.obj) : error LNK2038: mismatch detected for '_ITERATOR_DEBUG_LEVEL': value '2' doesn't match value '0' in Camera.obj
     1>PhysicsEngine.lib(ParticleFactory.obj) : error LNK2038: mismatch detected for 'RuntimeLibrary': value 'MDd_DynamicDebug' doesn't match value 'MD_DynamicRelease' in Camera.obj
     1>glui32.lib(glui.obj) : error LNK2038: mismatch detected for '_ITERATOR_DEBUG_LEVEL': value '2' doesn't match value '0' in Camera.obj
     1>glui32.lib(glui.obj) : error LNK2038: mismatch detected for 'RuntimeLibrary': value 'MDd_DynamicDebug' doesn't match value 'MD_DynamicRelease' in Camera.obj
     1>glui32.lib(glui_add_controls.obj) : error LNK2038: mismatch detected for '_ITERATOR_DEBUG_LEVEL': value '2' doesn't match value '0' in Camera.obj
     1>glui32.lib(glui_add_controls.obj) : error LNK2038: mismatch detected for 'RuntimeLibrary': value 'MDd_DynamicDebug' doesn't match value 'MD_DynamicRelease' in Camera.obj
     1>glui32.lib(glui_string.obj) : error LNK2038: mismatch detected for '_ITERATOR_DEBUG_LEVEL': value '2' doesn't match value '0' in Camera.obj
     1>glui32.lib(glui_string.obj) : error LNK2038: mismatch detected for 'RuntimeLibrary': value 'MDd_DynamicDebug' doesn't match value 'MD_DynamicRelease' in Camera.obj
     1>glui32.lib(glui_node.obj) : error LNK2038: mismatch detected for '_ITERATOR_DEBUG_LEVEL': value '2' doesn't match value '0' in Camera.obj
     1>glui32.lib(glui_node.obj) : error LNK2038: mismatch detected for 'RuntimeLibrary': value 'MDd_DynamicDebug' doesn't match value 'MD_DynamicRelease' in Camera.obj
     1>glui32.lib(glui_bitmaps.obj) : error LNK2038: mismatch detected for '_ITERATOR_DEBUG_LEVEL': value '2' doesn't match value '0' in Camera.obj
     1>glui32.lib(glui_bitmaps.obj) : error LNK2038: mismatch detected for 'RuntimeLibrary': value 'MDd_DynamicDebug' doesn't match value 'MD_DynamicRelease' in Camera.obj
     1>glui32.lib(glui_window.obj) : error LNK2038: mismatch detected for '_ITERATOR_DEBUG_LEVEL': value '2' doesn't match value '0' in Camera.obj
     1>glui32.lib(glui_window.obj) : error LNK2038: mismatch detected for 'RuntimeLibrary': value 'MDd_DynamicDebug' doesn't match value 'MD_DynamicRelease' in Camera.obj
     1>glui32.lib(glui_control.obj) : error LNK2038: mismatch detected for '_ITERATOR_DEBUG_LEVEL': value '2' doesn't match value '0' in Camera.obj
     1>glui32.lib(glui_control.obj) : error LNK2038: mismatch detected for 'RuntimeLibrary': value 'MDd_DynamicDebug' doesn't match value 'MD_DynamicRelease' in Camera.obj
     1>glui32.lib(glui_panel.obj) : error LNK2038: mismatch detected for '_ITERATOR_DEBUG_LEVEL': value '2' doesn't match value '0' in Camera.obj
     1>glui32.lib(glui_panel.obj) : error LNK2038: mismatch detected for 'RuntimeLibrary': value 'MDd_DynamicDebug' doesn't match value 'MD_DynamicRelease' in Camera.obj
     1>glui32.lib(glui_button.obj) : error LNK2038: mismatch detected for '_ITERATOR_DEBUG_LEVEL': value '2' doesn't match value '0' in Camera.obj
     1>glui32.lib(glui_button.obj) : error LNK2038: mismatch detected for 'RuntimeLibrary': value 'MDd_DynamicDebug' doesn't match value 'MD_DynamicRelease' in Camera.obj
     1>glui32.lib(glui_checkbox.obj) : error LNK2038: mismatch detected for '_ITERATOR_DEBUG_LEVEL': value '2' doesn't match value '0' in Camera.obj
     1>glui32.lib(glui_checkbox.obj) : error LNK2038: mismatch detected for 'RuntimeLibrary': value 'MDd_DynamicDebug' doesn't match value 'MD_DynamicRelease' in Camera.obj
     1>glui32.lib(glui_column.obj) : error LNK2038: mismatch detected for '_ITERATOR_DEBUG_LEVEL': value '2' doesn't match value '0' in Camera.obj
     1>glui32.lib(glui_column.obj) : error LNK2038: mismatch detected for 'RuntimeLibrary': value 'MDd_DynamicDebug' doesn't match value 'MD_DynamicRelease' in Camera.obj
     1>glui32.lib(glui_rollout.obj) : error LNK2038: mismatch detected for '_ITERATOR_DEBUG_LEVEL': value '2' doesn't match value '0' in Camera.obj
     1>glui32.lib(glui_rollout.obj) : error LNK2038: mismatch detected for 'RuntimeLibrary': value 'MDd_DynamicDebug' doesn't match value 'MD_DynamicRelease' in Camera.obj
     1>glui32.lib(glui_edittext.obj) : error LNK2038: mismatch detected for '_ITERATOR_DEBUG_LEVEL': value '2' doesn't match value '0' in Camera.obj
     1>glui32.lib(glui_edittext.obj) : error LNK2038: mismatch detected for 'RuntimeLibrary': value 'MDd_DynamicDebug' doesn't match value 'MD_DynamicRelease' in Camera.obj
     1>glui32.lib(glui_radio.obj) : error LNK2038: mismatch detected for '_ITERATOR_DEBUG_LEVEL': value '2' doesn't match value '0' in Camera.obj
     1>glui32.lib(glui_radio.obj) : error LNK2038: mismatch detected for 'RuntimeLibrary': value 'MDd_DynamicDebug' doesn't match value 'MD_DynamicRelease' in Camera.obj
     1>glui32.lib(glui_separator.obj) : error LNK2038: mismatch detected for '_ITERATOR_DEBUG_LEVEL': value '2' doesn't match value '0' in Camera.obj
     1>glui32.lib(glui_separator.obj) : error LNK2038: mismatch detected for 'RuntimeLibrary': value 'MDd_DynamicDebug' doesn't match value 'MD_DynamicRelease' in Camera.obj
     1>glui32.lib(glui_spinner.obj) : error LNK2038: mismatch detected for '_ITERATOR_DEBUG_LEVEL': value '2' doesn't match value '0' in Camera.obj
     1>glui32.lib(glui_spinner.obj) : error LNK2038: mismatch detected for 'RuntimeLibrary': value 'MDd_DynamicDebug' doesn't match value 'MD_DynamicRelease' in Camera.obj
     1>glui32.lib(glui_statictext.obj) : error LNK2038: mismatch detected for '_ITERATOR_DEBUG_LEVEL': value '2' doesn't match value '0' in Camera.obj
     1>glui32.lib(glui_statictext.obj) : error LNK2038: mismatch detected for 'RuntimeLibrary': value 'MDd_DynamicDebug' doesn't match value 'MD_DynamicRelease' in Camera.obj
     1>glui32.lib(glui_listbox.obj) : error LNK2038: mismatch detected for '_ITERATOR_DEBUG_LEVEL': value '2' doesn't match value '0' in Camera.obj
     1>glui32.lib(glui_listbox.obj) : error LNK2038: mismatch detected for 'RuntimeLibrary': value 'MDd_DynamicDebug' doesn't match value 'MD_DynamicRelease' in Camera.obj
     1>glui32.lib(glui_rotation.obj) : error LNK2038: mismatch detected for '_ITERATOR_DEBUG_LEVEL': value '2' doesn't match value '0' in Camera.obj
     1>glui32.lib(glui_rotation.obj) : error LNK2038: mismatch detected for 'RuntimeLibrary': value 'MDd_DynamicDebug' doesn't match value 'MD_DynamicRelease' in Camera.obj
     1>glui32.lib(glui_translation.obj) : error LNK2038: mismatch detected for '_ITERATOR_DEBUG_LEVEL': value '2' doesn't match value '0' in Camera.obj
     1>glui32.lib(glui_translation.obj) : error LNK2038: mismatch detected for 'RuntimeLibrary': value 'MDd_DynamicDebug' doesn't match value 'MD_DynamicRelease' in Camera.obj
     1>glui32.lib(glui_mouse_iaction.obj) : error LNK2038: mismatch detected for '_ITERATOR_DEBUG_LEVEL': value '2' doesn't match value '0' in Camera.obj
     1>glui32.lib(glui_mouse_iaction.obj) : error LNK2038: mismatch detected for 'RuntimeLibrary': value 'MDd_DynamicDebug' doesn't match value 'MD_DynamicRelease' in Camera.obj
     1>glui32.lib(algebra3.obj) : error LNK2038: mismatch detected for '_ITERATOR_DEBUG_LEVEL': value '2' doesn't match value '0' in Camera.obj
     1>glui32.lib(algebra3.obj) : error LNK2038: mismatch detected for 'RuntimeLibrary': value 'MDd_DynamicDebug' doesn't match value 'MD_DynamicRelease' in Camera.obj
     1>glui32.lib(arcball.obj) : error LNK2038: mismatch detected for '_ITERATOR_DEBUG_LEVEL': value '2' doesn't match value '0' in Camera.obj
     1>glui32.lib(arcball.obj) : error LNK2038: mismatch detected for 'RuntimeLibrary': value 'MDd_DynamicDebug' doesn't match value 'MD_DynamicRelease' in Camera.obj
     1>glui32.lib(quaternion.obj) : error LNK2038: mismatch detected for '_ITERATOR_DEBUG_LEVEL': value '2' doesn't match value '0' in Camera.obj
     1>glui32.lib(quaternion.obj) : error LNK2038: mismatch detected for 'RuntimeLibrary': value 'MDd_DynamicDebug' doesn't match value 'MD_DynamicRelease' in Camera.obj
     1>LINK : warning LNK4098: defaultlib 'MSVCRTD' conflicts with use of other libs; use /NODEFAULTLIB:library
     1>LINK : warning LNK4098: defaultlib 'LIBCMT' conflicts with use of other libs; use /NODEFAULTLIB:library
     1>C:\Users\Eric\Desktop\Game Physics\Physics Viewer\Release\PhysicsViewer.exe : fatal error LNK1319: 58 mismatches detected
     1>Done Building Project "C:\Users\Eric\Desktop\Game Physics\Physics Viewer\EGP300-proj1\EGP300-proj1.vcxproj" (Build target(s)) -- FAILED.

Build FAILED.

Time Elapsed 00:00:00.42
