Build started 2/8/2015 3:59:32 PM.
     1>Project "C:\Users\Eric\Desktop\Game Physics\Physics Viewer\EGP300-proj1\EGP300-proj1.vcxproj" on node 2 (Build target(s)).
     1>ClCompile:
         C:\Program Files (x86)\Microsoft Visual Studio 12.0\VC\bin\CL.exe /c /Zi /nologo /W3 /WX- /O2 /Oi /Oy- /GL /D WIN32 /D NDEBUG /D _CONSOLE /D _UNICODE /D UNICODE /Gm- /EHsc /MD /GS /Gy /fp:precise /Zc:wchar_t /Zc:forScope /Yu"stdafx.h" /Fp"Release\PhysicsViewer.pch" /Fo"Release\\" /Fd"Release\vc120.pdb" /Gd /TP /analyze- /errorReport:prompt Camera.cpp Color.cpp GameObject.cpp main.cpp Model.cpp ModelFactory.cpp Moveable.cpp SolarSystem.cpp tinyxml2.cpp
         Camera.cpp
     1>Camera.cpp(47): fatal error C1010: unexpected end of file while looking for precompiled header. Did you forget to add '#include "stdafx.h"' to your source?
         Color.cpp
     1>Color.cpp(18): fatal error C1010: unexpected end of file while looking for precompiled header. Did you forget to add '#include "stdafx.h"' to your source?
         GameObject.cpp
     1>GameObject.cpp(28): fatal error C1010: unexpected end of file while looking for precompiled header. Did you forget to add '#include "stdafx.h"' to your source?
         main.cpp
     1>main.cpp(314): fatal error C1010: unexpected end of file while looking for precompiled header. Did you forget to add '#include "stdafx.h"' to your source?
         Model.cpp
     1>Model.cpp(159): fatal error C1010: unexpected end of file while looking for precompiled header. Did you forget to add '#include "stdafx.h"' to your source?
         ModelFactory.cpp
     1>ModelFactory.cpp(261): fatal error C1010: unexpected end of file while looking for precompiled header. Did you forget to add '#include "stdafx.h"' to your source?
         Moveable.cpp
     1>Moveable.cpp(113): fatal error C1010: unexpected end of file while looking for precompiled header. Did you forget to add '#include "stdafx.h"' to your source?
         SolarSystem.cpp
     1>SolarSystem.cpp(82): fatal error C1010: unexpected end of file while looking for precompiled header. Did you forget to add '#include "stdafx.h"' to your source?
         tinyxml2.cpp
     1>tinyxml2.cpp(2158): fatal error C1010: unexpected end of file while looking for precompiled header. Did you forget to add '#include "stdafx.h"' to your source?
     1>Done Building Project "C:\Users\Eric\Desktop\Game Physics\Physics Viewer\EGP300-proj1\EGP300-proj1.vcxproj" (Build target(s)) -- FAILED.

Build FAILED.

Time Elapsed 00:00:00.17
